<?xml version="1.0" encoding="UTF-8"?>
<!-- Generated by org.testng.reporters.JUnitXMLReporter -->
<testsuite hostname="DESKTOP-42HF2H5" ignored="0" name="Command line test 8cef8419-b255-48f5-9a3a-bdb78ee30dff" tests="1" failures="1" timestamp="30 Jul 2019 20:48:28 GMT" time="46.35" errors="0">
  <testcase name="feature" time="40.891" classname="cucumber.api.testng.AbstractTestNGCucumberTests">
    <failure type="cucumber.runtime.CucumberException" message="java.lang.NoClassDefFoundError: org/junit/Assert">
      <![CDATA[cucumber.runtime.CucumberException: java.lang.NoClassDefFoundError: org/junit/Assert
at cucumber.api.testng.TestNGCucumberRunner.runCucumber(TestNGCucumberRunner.java:69)
at cucumber.api.testng.AbstractTestNGCucumberTests.feature(AbstractTestNGCucumberTests.java:21)
Caused by: java.lang.NoClassDefFoundError: org/junit/Assert
at com.crm.qa.pages.OrderPage.MyTshirtStorePage(OrderPage.java:91)
at com.crm.qa.StepDefinition.OrderStep.i_directed_to_the_tshirts_my_store_page(OrderStep.java:39)
at âœ½.Then I directed to the TShirts My Store page(src/test/java/com/crm/qa/feature/Login.feature:14)
Caused by: java.lang.ClassNotFoundException: org.junit.Assert
at java.net.URLClassLoader.findClass(Unknown Source)
at java.lang.ClassLoader.loadClass(Unknown Source)
at sun.misc.Launcher$AppClassLoader.loadClass(Unknown Source)
at java.lang.ClassLoader.loadClass(Unknown Source)
at com.crm.qa.pages.OrderPage.MyTshirtStorePage(OrderPage.java:91)
at com.crm.qa.StepDefinition.OrderStep.i_directed_to_the_tshirts_my_store_page(OrderStep.java:39)
at cucumber.runtime.Utils$1.call(Utils.java:40)
at cucumber.runtime.Timeout.timeout(Timeout.java:16)
at cucumber.runtime.Utils.invoke(Utils.java:34)
at cucumber.runtime.java.JavaStepDefinition.execute(JavaStepDefinition.java:38)
at cucumber.runtime.StepDefinitionMatch.runStep(StepDefinitionMatch.java:37)
at cucumber.runtime.Runtime.runStep(Runtime.java:300)
at cucumber.runtime.model.StepContainer.runStep(StepContainer.java:44)
at cucumber.runtime.model.StepContainer.runSteps(StepContainer.java:39)
at cucumber.runtime.model.CucumberScenario.run(CucumberScenario.java:44)
at cucumber.runtime.model.CucumberFeature.run(CucumberFeature.java:165)
at cucumber.api.testng.TestNGCucumberRunner.runCucumber(TestNGCucumberRunner.java:63)
at cucumber.api.testng.AbstractTestNGCucumberTests.feature(AbstractTestNGCucumberTests.java:21)
... Removed 62 stack frames]]>
    </failure>
  </testcase> <!-- feature -->
</testsuite> <!-- Command line test 8cef8419-b255-48f5-9a3a-bdb78ee30dff -->
